0 info it worked if it ends with ok
1 verbose cli [ 'node', '/usr/local/bin/npm', 'install', 'grunt', '-g' ]
2 info using npm@1.4.28
3 info using node@v0.10.40
4 verbose cache add [ 'grunt', null ]
5 verbose cache add name=undefined spec="grunt" args=["grunt",null]
6 verbose parsed url { protocol: null,
6 verbose parsed url   slashes: null,
6 verbose parsed url   auth: null,
6 verbose parsed url   host: null,
6 verbose parsed url   port: null,
6 verbose parsed url   hostname: null,
6 verbose parsed url   hash: null,
6 verbose parsed url   search: null,
6 verbose parsed url   query: null,
6 verbose parsed url   pathname: 'grunt',
6 verbose parsed url   path: 'grunt',
6 verbose parsed url   href: 'grunt' }
7 silly lockFile 20ff3fd8-grunt grunt
8 verbose lock grunt /Users/maryallisonelliott/.npm/20ff3fd8-grunt.lock
9 silly lockFile 20ff3fd8-grunt grunt
10 silly lockFile 20ff3fd8-grunt grunt
11 verbose addNamed [ 'grunt', '' ]
12 verbose addNamed [ null, '*' ]
13 silly lockFile 55f1ff24-grunt grunt@
14 verbose lock grunt@ /Users/maryallisonelliott/.npm/55f1ff24-grunt.lock
15 silly addNameRange { name: 'grunt', range: '*', hasData: false }
16 verbose request where is /grunt
17 verbose request registry https://registry.npmjs.org/
18 verbose request id d73665ad0bb38ba5
19 verbose url raw /grunt
20 verbose url resolving [ 'https://registry.npmjs.org/', './grunt' ]
21 verbose url resolved https://registry.npmjs.org/grunt
22 verbose request where is https://registry.npmjs.org/grunt
23 info trying registry request attempt 1 at 09:06:03
24 verbose etag "1FCTK58I8IG82UCXNQ0JPVJKV"
25 http GET https://registry.npmjs.org/grunt
26 http 200 https://registry.npmjs.org/grunt
27 silly registry.get cb [ 200,
27 silly registry.get   { server: 'CouchDB/1.5.0 (Erlang OTP/R16B03)',
27 silly registry.get     etag: '"2T17JX8WZKL04VXBHFW7ARN88"',
27 silly registry.get     'content-type': 'application/json',
27 silly registry.get     'content-encoding': 'gzip',
27 silly registry.get     'cache-control': 'max-age=300',
27 silly registry.get     'content-length': '13043',
27 silly registry.get     'accept-ranges': 'bytes',
27 silly registry.get     date: 'Wed, 29 Jun 2016 14:06:04 GMT',
27 silly registry.get     via: '1.1 varnish',
27 silly registry.get     age: '101',
27 silly registry.get     connection: 'keep-alive',
27 silly registry.get     'x-served-by': 'cache-ord1748-ORD',
27 silly registry.get     'x-cache': 'HIT',
27 silly registry.get     'x-cache-hits': '1',
27 silly registry.get     'x-timer': 'S1467209164.900053,VS0,VE0',
27 silly registry.get     vary: 'Accept-Encoding' } ]
28 silly addNameRange number 2 { name: 'grunt', range: '*', hasData: true }
29 silly addNameRange versions [ 'grunt',
29 silly addNameRange   [ '0.1.0',
29 silly addNameRange     '0.1.1',
29 silly addNameRange     '0.1.2',
29 silly addNameRange     '0.2.0',
29 silly addNameRange     '0.2.1',
29 silly addNameRange     '0.2.2',
29 silly addNameRange     '0.2.3',
29 silly addNameRange     '0.2.4',
29 silly addNameRange     '0.2.5',
29 silly addNameRange     '0.2.6',
29 silly addNameRange     '0.2.7',
29 silly addNameRange     '0.2.8',
29 silly addNameRange     '0.2.9',
29 silly addNameRange     '0.2.10',
29 silly addNameRange     '0.2.11',
29 silly addNameRange     '0.2.12',
29 silly addNameRange     '0.2.13',
29 silly addNameRange     '0.2.14',
29 silly addNameRange     '0.2.15',
29 silly addNameRange     '0.3.0',
29 silly addNameRange     '0.3.1',
29 silly addNameRange     '0.3.2',
29 silly addNameRange     '0.3.3',
29 silly addNameRange     '0.3.4',
29 silly addNameRange     '0.3.5',
29 silly addNameRange     '0.3.6',
29 silly addNameRange     '0.3.7',
29 silly addNameRange     '0.3.8',
29 silly addNameRange     '0.3.9',
29 silly addNameRange     '0.3.10',
29 silly addNameRange     '0.3.11',
29 silly addNameRange     '0.3.12',
29 silly addNameRange     '0.3.13',
29 silly addNameRange     '0.3.14',
29 silly addNameRange     '0.3.15',
29 silly addNameRange     '0.3.16',
29 silly addNameRange     '0.3.17',
29 silly addNameRange     '0.4.0',
29 silly addNameRange     '0.4.1',
29 silly addNameRange     '0.4.2',
29 silly addNameRange     '0.4.3',
29 silly addNameRange     '0.4.4',
29 silly addNameRange     '0.4.5',
29 silly addNameRange     '1.0.0-rc1',
29 silly addNameRange     '1.0.0',
29 silly addNameRange     '1.0.1',
29 silly addNameRange     '0.3.13-a',
29 silly addNameRange     '0.4.0-a',
29 silly addNameRange     '0.4.0-rc1',
29 silly addNameRange     '0.4.0-rc2',
29 silly addNameRange     '0.4.0-rc3',
29 silly addNameRange     '0.4.0-rc4',
29 silly addNameRange     '0.4.0-rc5',
29 silly addNameRange     '0.4.0-rc6',
29 silly addNameRange     '0.4.0-rc7',
29 silly addNameRange     '0.4.0-rc8' ] ]
30 verbose addNamed [ 'grunt', '1.0.1' ]
31 verbose addNamed [ '1.0.1', '1.0.1' ]
32 silly lockFile 75468da5-grunt-1-0-1 grunt@1.0.1
33 verbose lock grunt@1.0.1 /Users/maryallisonelliott/.npm/75468da5-grunt-1-0-1.lock
34 silly lockFile 75468da5-grunt-1-0-1 grunt@1.0.1
35 silly lockFile 75468da5-grunt-1-0-1 grunt@1.0.1
36 silly lockFile 55f1ff24-grunt grunt@
37 silly lockFile 55f1ff24-grunt grunt@
38 silly resolved [ { name: 'grunt',
38 silly resolved     description: 'The JavaScript Task Runner',
38 silly resolved     version: '1.0.1',
38 silly resolved     author:
38 silly resolved      { name: 'Grunt Development Team',
38 silly resolved        url: 'http://gruntjs.com/development-team' },
38 silly resolved     homepage: 'http://gruntjs.com/',
38 silly resolved     repository: { type: 'git', url: 'git+https://github.com/gruntjs/grunt.git' },
38 silly resolved     license: 'MIT',
38 silly resolved     engines: { node: '>=0.10.0' },
38 silly resolved     scripts: { test: 'grunt test', 'test-tap': 'grunt test:tap' },
38 silly resolved     main: 'lib/grunt',
38 silly resolved     bin: { grunt: 'bin/grunt' },
38 silly resolved     keywords:
38 silly resolved      [ 'task',
38 silly resolved        'async',
38 silly resolved        'cli',
38 silly resolved        'minify',
38 silly resolved        'uglify',
38 silly resolved        'build',
38 silly resolved        'lodash',
38 silly resolved        'unit',
38 silly resolved        'test',
38 silly resolved        'qunit',
38 silly resolved        'nodeunit',
38 silly resolved        'server',
38 silly resolved        'init',
38 silly resolved        'scaffold',
38 silly resolved        'make',
38 silly resolved        'jake',
38 silly resolved        'tool' ],
38 silly resolved     dependencies:
38 silly resolved      { 'coffee-script': '~1.10.0',
38 silly resolved        dateformat: '~1.0.12',
38 silly resolved        eventemitter2: '~0.4.13',
38 silly resolved        exit: '~0.1.1',
38 silly resolved        'findup-sync': '~0.3.0',
38 silly resolved        glob: '~7.0.0',
38 silly resolved        'grunt-cli': '~1.2.0',
38 silly resolved        'grunt-known-options': '~1.1.0',
38 silly resolved        'grunt-legacy-log': '~1.0.0',
38 silly resolved        'grunt-legacy-util': '~1.0.0',
38 silly resolved        'iconv-lite': '~0.4.13',
38 silly resolved        'js-yaml': '~3.5.2',
38 silly resolved        minimatch: '~3.0.0',
38 silly resolved        nopt: '~3.0.6',
38 silly resolved        'path-is-absolute': '~1.0.0',
38 silly resolved        rimraf: '~2.2.8' },
38 silly resolved     devDependencies:
38 silly resolved      { difflet: '~0.2.3',
38 silly resolved        'grunt-contrib-jshint': '~1.0.0',
38 silly resolved        'grunt-contrib-nodeunit': '~0.4.1',
38 silly resolved        'grunt-contrib-watch': '~1.0.0',
38 silly resolved        'grunt-jscs': '~2.8.0',
38 silly resolved        semver: '2.1.0',
38 silly resolved        shelljs: '~0.5.3',
38 silly resolved        temporary: '~0.0.4',
38 silly resolved        through2: '~2.0.0' },
38 silly resolved     files: [ 'lib', 'bin' ],
38 silly resolved     contributors: [ [Object], [Object], [Object], [Object], [Object] ],
38 silly resolved     gitHead: '8ada4948b69c6ec9b1e956b5e6b2e6814fa054ca',
38 silly resolved     bugs: { url: 'https://github.com/gruntjs/grunt/issues' },
38 silly resolved     _id: 'grunt@1.0.1',
38 silly resolved     _shasum: 'e8778764e944b18f32bb0f10b9078475c9dfb56b',
38 silly resolved     _from: 'grunt@',
38 silly resolved     _npmVersion: '2.15.2',
38 silly resolved     _nodeVersion: '4.4.1',
38 silly resolved     _npmUser: { name: 'shama', email: 'kyle@dontkry.com' },
38 silly resolved     maintainers: [ [Object], [Object], [Object], [Object] ],
38 silly resolved     dist:
38 silly resolved      { shasum: 'e8778764e944b18f32bb0f10b9078475c9dfb56b',
38 silly resolved        tarball: 'https://registry.npmjs.org/grunt/-/grunt-1.0.1.tgz' },
38 silly resolved     _npmOperationalInternal:
38 silly resolved      { host: 'packages-12-west.internal.npmjs.com',
38 silly resolved        tmp: 'tmp/grunt-1.0.1.tgz_1459880209209_0.8634267684537917' },
38 silly resolved     directories: {},
38 silly resolved     _resolved: 'https://registry.npmjs.org/grunt/-/grunt-1.0.1.tgz',
38 silly resolved     readme: 'ERROR: No README data found!' } ]
39 info install grunt@1.0.1 into /usr/local/lib
40 info installOne grunt@1.0.1
41 verbose lib/node_modules/grunt unbuild
42 verbose tar unpack /Users/maryallisonelliott/.npm/grunt/1.0.1/package.tgz
43 silly lockFile d04b7634-usr-local-lib-node-modules-grunt tar:///usr/local/lib/node_modules/grunt
44 verbose lock tar:///usr/local/lib/node_modules/grunt /Users/maryallisonelliott/.npm/d04b7634-usr-local-lib-node-modules-grunt.lock
45 silly lockFile 199f21dd-iott-npm-grunt-1-0-1-package-tgz tar:///Users/maryallisonelliott/.npm/grunt/1.0.1/package.tgz
46 verbose lock tar:///Users/maryallisonelliott/.npm/grunt/1.0.1/package.tgz /Users/maryallisonelliott/.npm/199f21dd-iott-npm-grunt-1-0-1-package-tgz.lock
47 silly gunzTarPerm modes [ '755', '644' ]
48 error Error: EACCES, mkdir '/usr/local/lib/node_modules/grunt'
48 error  { [Error: EACCES, mkdir '/usr/local/lib/node_modules/grunt']
48 error   errno: 3,
48 error   code: 'EACCES',
48 error   path: '/usr/local/lib/node_modules/grunt',
48 error   fstream_type: 'Directory',
48 error   fstream_path: '/usr/local/lib/node_modules/grunt',
48 error   fstream_class: 'DirWriter',
48 error   fstream_stack:
48 error    [ '/usr/local/lib/node_modules/npm/node_modules/fstream/lib/dir-writer.js:36:23',
48 error      '/usr/local/lib/node_modules/npm/node_modules/mkdirp/index.js:46:53',
48 error      'Object.oncomplete (fs.js:108:15)' ] }
49 error Please try running this command again as root/Administrator.
50 error System Darwin 15.4.0
51 error command "node" "/usr/local/bin/npm" "install" "grunt" "-g"
52 error cwd /Users/maryallisonelliott/code/ghost-0.8.0/content/themes/casperStarter
53 error node -v v0.10.40
54 error npm -v 1.4.28
55 error path /usr/local/lib/node_modules/grunt
56 error fstream_path /usr/local/lib/node_modules/grunt
57 error fstream_type Directory
58 error fstream_class DirWriter
59 error code EACCES
60 error errno 3
61 error stack Error: EACCES, mkdir '/usr/local/lib/node_modules/grunt'
62 error fstream_stack /usr/local/lib/node_modules/npm/node_modules/fstream/lib/dir-writer.js:36:23
62 error fstream_stack /usr/local/lib/node_modules/npm/node_modules/mkdirp/index.js:46:53
62 error fstream_stack Object.oncomplete (fs.js:108:15)
63 verbose exit [ 3, true ]
